[debug] [2023-04-13T10:09:20.524Z] ----------------------------------------------------------------------
[debug] [2023-04-13T10:09:20.528Z] Command:       /opt/homebrew/Cellar/node/19.9.0/bin/node /opt/homebrew/bin/firebase deploy
[debug] [2023-04-13T10:09:20.529Z] CLI Version:   11.26.0
[debug] [2023-04-13T10:09:20.529Z] Platform:      darwin
[debug] [2023-04-13T10:09:20.529Z] Node Version:  v19.9.0
[debug] [2023-04-13T10:09:20.529Z] Time:          Thu Apr 13 2023 13:09:20 GMT+0300 (Eastern European Summer Time)
[debug] [2023-04-13T10:09:20.529Z] ----------------------------------------------------------------------
[debug] 
[debug] [2023-04-13T10:09:20.583Z] > command requires scopes: ["email","openid","https://www.googleapis.com/auth/cloudplatformprojects.readonly","https://www.googleapis.com/auth/firebase","https://www.googleapis.com/auth/cloud-platform"]
[debug] [2023-04-13T10:09:20.583Z] > authorizing via signed-in user (ilinca.vultur17@gmail.com)
[debug] [2023-04-13T10:09:20.583Z] [iam] checking project digitaldiaryba-170500 for permissions ["cloudfunctions.functions.create","cloudfunctions.functions.delete","cloudfunctions.functions.get","cloudfunctions.functions.list","cloudfunctions.functions.update","cloudfunctions.operations.get","firebase.projects.get"]
[debug] [2023-04-13T10:09:20.585Z] >>> [apiv2][query] POST https://cloudresourcemanager.googleapis.com/v1/projects/digitaldiaryba-170500:testIamPermissions [none]
[debug] [2023-04-13T10:09:20.585Z] >>> [apiv2][(partial)header] POST https://cloudresourcemanager.googleapis.com/v1/projects/digitaldiaryba-170500:testIamPermissions x-goog-quota-user=projects/digitaldiaryba-170500
[debug] [2023-04-13T10:09:20.585Z] >>> [apiv2][body] POST https://cloudresourcemanager.googleapis.com/v1/projects/digitaldiaryba-170500:testIamPermissions {"permissions":["cloudfunctions.functions.create","cloudfunctions.functions.delete","cloudfunctions.functions.get","cloudfunctions.functions.list","cloudfunctions.functions.update","cloudfunctions.operations.get","firebase.projects.get"]}
[debug] [2023-04-13T10:09:21.488Z] <<< [apiv2][status] POST https://cloudresourcemanager.googleapis.com/v1/projects/digitaldiaryba-170500:testIamPermissions 200
[debug] [2023-04-13T10:09:21.488Z] <<< [apiv2][body] POST https://cloudresourcemanager.googleapis.com/v1/projects/digitaldiaryba-170500:testIamPermissions {"permissions":["cloudfunctions.functions.create","cloudfunctions.functions.delete","cloudfunctions.functions.get","cloudfunctions.functions.list","cloudfunctions.functions.update","cloudfunctions.operations.get","firebase.projects.get"]}
[debug] [2023-04-13T10:09:21.489Z] >>> [apiv2][query] POST https://iam.googleapis.com/v1/projects/digitaldiaryba-170500/serviceAccounts/digitaldiaryba-170500@appspot.gserviceaccount.com:testIamPermissions [none]
[debug] [2023-04-13T10:09:21.489Z] >>> [apiv2][body] POST https://iam.googleapis.com/v1/projects/digitaldiaryba-170500/serviceAccounts/digitaldiaryba-170500@appspot.gserviceaccount.com:testIamPermissions {"permissions":["iam.serviceAccounts.actAs"]}
[debug] [2023-04-13T10:09:22.305Z] <<< [apiv2][status] POST https://iam.googleapis.com/v1/projects/digitaldiaryba-170500/serviceAccounts/digitaldiaryba-170500@appspot.gserviceaccount.com:testIamPermissions 200
[debug] [2023-04-13T10:09:22.306Z] <<< [apiv2][body] POST https://iam.googleapis.com/v1/projects/digitaldiaryba-170500/serviceAccounts/digitaldiaryba-170500@appspot.gserviceaccount.com:testIamPermissions {"permissions":["iam.serviceAccounts.actAs"]}
[info] 
[info] === Deploying to 'digitaldiaryba-170500'...
[info] 
[info] i  deploying functions 
[info] Running command: npm --prefix "$RESOURCE_DIR" run lint
[info] ✔  functions: Finished running predeploy script. 
[debug] [2023-04-13T10:09:23.965Z] >>> [apiv2][query] GET https://firebase.googleapis.com/v1beta1/projects/digitaldiaryba-170500 [none]
[debug] [2023-04-13T10:09:24.352Z] <<< [apiv2][status] GET https://firebase.googleapis.com/v1beta1/projects/digitaldiaryba-170500 200
[debug] [2023-04-13T10:09:24.352Z] <<< [apiv2][body] GET https://firebase.googleapis.com/v1beta1/projects/digitaldiaryba-170500 {"projectId":"digitaldiaryba-170500","projectNumber":"376902100689","displayName":"digitaldiaryba-170500","name":"projects/digitaldiaryba-170500","resources":{"hostingSite":"digitaldiaryba-170500","realtimeDatabaseInstance":"digitaldiaryba-170500-default-rtdb"},"state":"ACTIVE","etag":"1_3f13a3d1-b4f2-4bdf-8538-611e609d2f85"}
[info] i  functions: preparing codebase default for deployment 
[info] i  functions: ensuring required API cloudfunctions.googleapis.com is enabled... 
[info] i  functions: ensuring required API cloudbuild.googleapis.com is enabled... 
[info] i  artifactregistry: ensuring required API artifactregistry.googleapis.com is enabled... 
[debug] [2023-04-13T10:09:24.354Z] >>> [apiv2][query] GET https://serviceusage.googleapis.com/v1/projects/digitaldiaryba-170500/services/cloudfunctions.googleapis.com [none]
[debug] [2023-04-13T10:09:24.354Z] >>> [apiv2][(partial)header] GET https://serviceusage.googleapis.com/v1/projects/digitaldiaryba-170500/services/cloudfunctions.googleapis.com x-goog-quota-user=projects/digitaldiaryba-170500
[debug] [2023-04-13T10:09:24.356Z] >>> [apiv2][query] GET https://serviceusage.googleapis.com/v1/projects/digitaldiaryba-170500/services/runtimeconfig.googleapis.com [none]
[debug] [2023-04-13T10:09:24.356Z] >>> [apiv2][(partial)header] GET https://serviceusage.googleapis.com/v1/projects/digitaldiaryba-170500/services/runtimeconfig.googleapis.com x-goog-quota-user=projects/digitaldiaryba-170500
[debug] [2023-04-13T10:09:24.357Z] >>> [apiv2][query] GET https://serviceusage.googleapis.com/v1/projects/digitaldiaryba-170500/services/cloudbuild.googleapis.com [none]
[debug] [2023-04-13T10:09:24.357Z] >>> [apiv2][(partial)header] GET https://serviceusage.googleapis.com/v1/projects/digitaldiaryba-170500/services/cloudbuild.googleapis.com x-goog-quota-user=projects/digitaldiaryba-170500
[debug] [2023-04-13T10:09:24.358Z] >>> [apiv2][query] GET https://serviceusage.googleapis.com/v1/projects/digitaldiaryba-170500/services/artifactregistry.googleapis.com [none]
[debug] [2023-04-13T10:09:24.358Z] >>> [apiv2][(partial)header] GET https://serviceusage.googleapis.com/v1/projects/digitaldiaryba-170500/services/artifactregistry.googleapis.com x-goog-quota-user=projects/digitaldiaryba-170500
[debug] [2023-04-13T10:09:25.378Z] <<< [apiv2][status] GET https://serviceusage.googleapis.com/v1/projects/digitaldiaryba-170500/services/cloudfunctions.googleapis.com 200
[debug] [2023-04-13T10:09:25.379Z] <<< [apiv2][body] GET https://serviceusage.googleapis.com/v1/projects/digitaldiaryba-170500/services/cloudfunctions.googleapis.com [omitted]
[info] ✔  functions: required API cloudfunctions.googleapis.com is enabled 
[debug] [2023-04-13T10:09:25.396Z] <<< [apiv2][status] GET https://serviceusage.googleapis.com/v1/projects/digitaldiaryba-170500/services/artifactregistry.googleapis.com 200
[debug] [2023-04-13T10:09:25.396Z] <<< [apiv2][body] GET https://serviceusage.googleapis.com/v1/projects/digitaldiaryba-170500/services/artifactregistry.googleapis.com [omitted]
[info] ✔  artifactregistry: required API artifactregistry.googleapis.com is enabled 
[debug] [2023-04-13T10:09:25.397Z] <<< [apiv2][status] GET https://serviceusage.googleapis.com/v1/projects/digitaldiaryba-170500/services/runtimeconfig.googleapis.com 200
[debug] [2023-04-13T10:09:25.397Z] <<< [apiv2][body] GET https://serviceusage.googleapis.com/v1/projects/digitaldiaryba-170500/services/runtimeconfig.googleapis.com [omitted]
[debug] [2023-04-13T10:09:25.442Z] <<< [apiv2][status] GET https://serviceusage.googleapis.com/v1/projects/digitaldiaryba-170500/services/cloudbuild.googleapis.com 200
[debug] [2023-04-13T10:09:25.442Z] <<< [apiv2][body] GET https://serviceusage.googleapis.com/v1/projects/digitaldiaryba-170500/services/cloudbuild.googleapis.com [omitted]
[info] ✔  functions: required API cloudbuild.googleapis.com is enabled 
[debug] [2023-04-13T10:09:25.443Z] >>> [apiv2][query] GET https://firebase.googleapis.com/v1beta1/projects/digitaldiaryba-170500/adminSdkConfig [none]
[debug] [2023-04-13T10:09:25.781Z] <<< [apiv2][status] GET https://firebase.googleapis.com/v1beta1/projects/digitaldiaryba-170500/adminSdkConfig 200
[debug] [2023-04-13T10:09:25.782Z] <<< [apiv2][body] GET https://firebase.googleapis.com/v1beta1/projects/digitaldiaryba-170500/adminSdkConfig {"projectId":"digitaldiaryba-170500","databaseURL":"https://digitaldiaryba-170500-default-rtdb.europe-west1.firebasedatabase.app","storageBucket":"digitaldiaryba-170500.appspot.com"}
[debug] [2023-04-13T10:09:25.783Z] >>> [apiv2][query] GET https://runtimeconfig.googleapis.com/v1beta1/projects/digitaldiaryba-170500/configs [none]
[debug] [2023-04-13T10:09:26.056Z] <<< [apiv2][status] GET https://runtimeconfig.googleapis.com/v1beta1/projects/digitaldiaryba-170500/configs 200
[debug] [2023-04-13T10:09:26.056Z] <<< [apiv2][body] GET https://runtimeconfig.googleapis.com/v1beta1/projects/digitaldiaryba-170500/configs {}
[debug] [2023-04-13T10:09:26.059Z] Validating nodejs source
[debug] [2023-04-13T10:09:26.975Z] > [functions] package.json contents: {
  "name": "functions",
  "description": "Cloud Functions for Firebase",
  "scripts": {
    "lint": "eslint .",
    "serve": "firebase emulators:start --only functions",
    "shell": "firebase functions:shell",
    "start": "npm run shell",
    "deploy": "firebase deploy --only functions",
    "logs": "firebase functions:log"
  },
  "engines": {
    "node": "16"
  },
  "main": "index.js",
  "dependencies": {
    "firebase-admin": "^11.5.0",
    "firebase-functions": "^4.2.0"
  },
  "devDependencies": {
    "eslint": "^8.15.0",
    "eslint-config-google": "^0.14.0",
    "firebase-functions-test": "^3.0.0"
  },
  "private": true
}
[debug] [2023-04-13T10:09:26.975Z] Building nodejs source
[debug] [2023-04-13T10:09:26.976Z] Could not find functions.yaml. Must use http discovery
[debug] [2023-04-13T10:09:26.981Z] Found firebase-functions binary at '/Users/ilincavultur/functions/node_modules/.bin/firebase-functions'
[debug] [2023-04-13T10:09:27.303Z] Serving at port 8436

[debug] [2023-04-13T10:09:29.800Z] Got response from /__/functions.yaml {"endpoints":{"annotateImage":{"platform":"gcfv1","labels":{},"availableMemoryMb":null,"timeoutSeconds":null,"minInstances":null,"maxInstances":null,"ingressSettings":null,"serviceAccountEmail":null,"vpc":null,"callableTrigger":{},"entryPoint":"annotateImage"}},"specVersion":"v1alpha1","requiredAPIs":[]}
[debug] [2023-04-13T10:09:29.804Z] shutdown requested via /__/quitquitquit

[info] i  functions: preparing functions directory for uploading... 
[info] i  functions: packaged /Users/ilincavultur/functions (73.25 KB) for uploading 
[debug] [2023-04-13T10:09:29.830Z] >>> [apiv2][query] GET https://cloudfunctions.googleapis.com/v1/projects/digitaldiaryba-170500/locations/-/functions [none]
[debug] [2023-04-13T10:09:30.415Z] <<< [apiv2][status] GET https://cloudfunctions.googleapis.com/v1/projects/digitaldiaryba-170500/locations/-/functions 200
[debug] [2023-04-13T10:09:30.415Z] <<< [apiv2][body] GET https://cloudfunctions.googleapis.com/v1/projects/digitaldiaryba-170500/locations/-/functions {}
[debug] [2023-04-13T10:09:30.417Z] >>> [apiv2][query] GET https://cloudfunctions.googleapis.com/v2/projects/digitaldiaryba-170500/locations/-/functions filter=environment%3D%22GEN_2%22
[debug] [2023-04-13T10:09:31.518Z] <<< [apiv2][status] GET https://cloudfunctions.googleapis.com/v2/projects/digitaldiaryba-170500/locations/-/functions 200
[debug] [2023-04-13T10:09:31.518Z] <<< [apiv2][body] GET https://cloudfunctions.googleapis.com/v2/projects/digitaldiaryba-170500/locations/-/functions {}
[debug] [2023-04-13T10:09:31.527Z] >>> [apiv2][query] GET https://firebase.googleapis.com/v1beta1/projects/digitaldiaryba-170500 [none]
[debug] [2023-04-13T10:09:31.924Z] <<< [apiv2][status] GET https://firebase.googleapis.com/v1beta1/projects/digitaldiaryba-170500 200
[debug] [2023-04-13T10:09:31.924Z] <<< [apiv2][body] GET https://firebase.googleapis.com/v1beta1/projects/digitaldiaryba-170500 {"projectId":"digitaldiaryba-170500","projectNumber":"376902100689","displayName":"digitaldiaryba-170500","name":"projects/digitaldiaryba-170500","resources":{"hostingSite":"digitaldiaryba-170500","realtimeDatabaseInstance":"digitaldiaryba-170500-default-rtdb"},"state":"ACTIVE","etag":"1_3f13a3d1-b4f2-4bdf-8538-611e609d2f85"}
[debug] [2023-04-13T10:09:31.928Z] >>> [apiv2][query] POST https://cloudfunctions.googleapis.com/v1/projects/digitaldiaryba-170500/locations/us-central1/functions:generateUploadUrl [none]
[debug] [2023-04-13T10:09:31.928Z] >>> [apiv2][body] POST https://cloudfunctions.googleapis.com/v1/projects/digitaldiaryba-170500/locations/us-central1/functions:generateUploadUrl {}
[debug] [2023-04-13T10:09:41.248Z] <<< [apiv2][status] POST https://cloudfunctions.googleapis.com/v1/projects/digitaldiaryba-170500/locations/us-central1/functions:generateUploadUrl 200
[debug] [2023-04-13T10:09:41.248Z] <<< [apiv2][body] POST https://cloudfunctions.googleapis.com/v1/projects/digitaldiaryba-170500/locations/us-central1/functions:generateUploadUrl {"uploadUrl":"https://storage.googleapis.com/uploads-765700249841.us-central1.cloudfunctions.appspot.com/bb5c287e-d375-44a0-9517-631025281cc2.zip?GoogleAccessId=service-376902100689@gcf-admin-robot.iam.gserviceaccount.com&Expires=1681382381&Signature=OGYiZi5I%2Fd9Oc6heRH%2B0vHMYVwulnVq6HsltxyXC2Awdu78Mud5Svd5DY8pXnXy1sLEs1USNP7cqODVd4ghBLAJQhIwl4DQ6rZCYty8ajy8FSNJX8nMgqeaLD3ZfvXfYiJ6QXX%2FdocOAFrex3BvEZ3f%2BFOLe3FfDjdib5dQJMa30uCOI2smFjuLN6o9k0%2FO42vDI6c%2BcTC28OjrtknjOVFo3AlT6qsSI3B5HOWC9%2F%2FlQNTOSkolJGRsNFv%2BkvA%2FHe0kujW0EqaIuQomlIros7kgn2GjNkRanigX5UBqOTyzDJDLoZA9bbm8d17PWu6WxIISdHIP5CVnOAKh1R531hw%3D%3D"}
[debug] [2023-04-13T10:09:41.250Z] >>> [apiv2][query] PUT https://storage.googleapis.com/uploads-765700249841.us-central1.cloudfunctions.appspot.com/bb5c287e-d375-44a0-9517-631025281cc2.zip GoogleAccessId=service-376902100689%40gcf-admin-robot.iam.gserviceaccount.com&Expires=1681382381&Signature=OGYiZi5I%2Fd9Oc6heRH%2B0vHMYVwulnVq6HsltxyXC2Awdu78Mud5Svd5DY8pXnXy1sLEs1USNP7cqODVd4ghBLAJQhIwl4DQ6rZCYty8ajy8FSNJX8nMgqeaLD3ZfvXfYiJ6QXX%2FdocOAFrex3BvEZ3f%2BFOLe3FfDjdib5dQJMa30uCOI2smFjuLN6o9k0%2FO42vDI6c%2BcTC28OjrtknjOVFo3AlT6qsSI3B5HOWC9%2F%2FlQNTOSkolJGRsNFv%2BkvA%2FHe0kujW0EqaIuQomlIros7kgn2GjNkRanigX5UBqOTyzDJDLoZA9bbm8d17PWu6WxIISdHIP5CVnOAKh1R531hw%3D%3D
[debug] [2023-04-13T10:09:41.250Z] >>> [apiv2][body] PUT https://storage.googleapis.com/uploads-765700249841.us-central1.cloudfunctions.appspot.com/bb5c287e-d375-44a0-9517-631025281cc2.zip [stream]
[debug] [2023-04-13T10:09:41.695Z] <<< [apiv2][status] PUT https://storage.googleapis.com/uploads-765700249841.us-central1.cloudfunctions.appspot.com/bb5c287e-d375-44a0-9517-631025281cc2.zip 200
[debug] [2023-04-13T10:09:41.696Z] <<< [apiv2][body] PUT https://storage.googleapis.com/uploads-765700249841.us-central1.cloudfunctions.appspot.com/bb5c287e-d375-44a0-9517-631025281cc2.zip [omitted]
[info] ✔  functions: functions folder uploaded successfully 
[info] i  functions: creating Node.js 16 function annotateImage(us-central1)... 
[debug] [2023-04-13T10:09:41.701Z] >>> [apiv2][query] POST https://cloudfunctions.googleapis.com/v1/projects/digitaldiaryba-170500/locations/us-central1/functions [none]
[debug] [2023-04-13T10:09:41.702Z] >>> [apiv2][body] POST https://cloudfunctions.googleapis.com/v1/projects/digitaldiaryba-170500/locations/us-central1/functions {"name":"projects/digitaldiaryba-170500/locations/us-central1/functions/annotateImage","sourceUploadUrl":"https://storage.googleapis.com/uploads-765700249841.us-central1.cloudfunctions.appspot.com/bb5c287e-d375-44a0-9517-631025281cc2.zip?GoogleAccessId=service-376902100689@gcf-admin-robot.iam.gserviceaccount.com&Expires=1681382381&Signature=OGYiZi5I%2Fd9Oc6heRH%2B0vHMYVwulnVq6HsltxyXC2Awdu78Mud5Svd5DY8pXnXy1sLEs1USNP7cqODVd4ghBLAJQhIwl4DQ6rZCYty8ajy8FSNJX8nMgqeaLD3ZfvXfYiJ6QXX%2FdocOAFrex3BvEZ3f%2BFOLe3FfDjdib5dQJMa30uCOI2smFjuLN6o9k0%2FO42vDI6c%2BcTC28OjrtknjOVFo3AlT6qsSI3B5HOWC9%2F%2FlQNTOSkolJGRsNFv%2BkvA%2FHe0kujW0EqaIuQomlIros7kgn2GjNkRanigX5UBqOTyzDJDLoZA9bbm8d17PWu6WxIISdHIP5CVnOAKh1R531hw%3D%3D","entryPoint":"annotateImage","runtime":"nodejs16","dockerRegistry":"ARTIFACT_REGISTRY","labels":{"deployment-tool":"cli-firebase","deployment-callable":"true","firebase-functions-hash":"48fb153c39a040119670ac1082c237bb53a419c3"},"httpsTrigger":{"securityLevel":"SECURE_ALWAYS"},"minInstances":null,"maxInstances":null,"ingressSettings":null,"environmentVariables":{"FIREBASE_CONFIG":"{\"projectId\":\"digitaldiaryba-170500\",\"databaseURL\":\"https://digitaldiaryba-170500-default-rtdb.europe-west1.firebasedatabase.app\",\"storageBucket\":\"digitaldiaryba-170500.appspot.com\"}","GCLOUD_PROJECT":"digitaldiaryba-170500","EVENTARC_CLOUD_EVENT_SOURCE":"projects/digitaldiaryba-170500/locations/us-central1/functions/annotateImage"},"serviceAccountEmail":null,"availableMemoryMb":null,"timeout":null,"vpcConnector":null,"vpcConnectorEgressSettings":null}
[debug] [2023-04-13T10:09:42.371Z] <<< [apiv2][status] POST https://cloudfunctions.googleapis.com/v1/projects/digitaldiaryba-170500/locations/us-central1/functions 200
[debug] [2023-04-13T10:09:42.372Z] <<< [apiv2][body] POST https://cloudfunctions.googleapis.com/v1/projects/digitaldiaryba-170500/locations/us-central1/functions {"name":"operations/ZGlnaXRhbGRpYXJ5YmEtMTcwNTAwL3VzLWNlbnRyYWwxL2Fubm90YXRlSW1hZ2UvNldsalJtdm5UUTA","metadata":{"@type":"type.googleapis.com/google.cloud.functions.v1.OperationMetadataV1","target":"projects/digitaldiaryba-170500/locations/us-central1/functions/annotateImage","type":"CREATE_FUNCTION","request":{"@type":"type.googleapis.com/google.cloud.functions.v1.CloudFunction","name":"projects/digitaldiaryba-170500/locations/us-central1/functions/annotateImage","httpsTrigger":{"securityLevel":"SECURE_ALWAYS"},"entryPoint":"annotateImage","labels":{"deployment-tool":"cli-firebase","deployment-callable":"true","firebase-functions-hash":"48fb153c39a040119670ac1082c237bb53a419c3"},"sourceUploadUrl":"https://storage.googleapis.com/uploads-765700249841.us-central1.cloudfunctions.appspot.com/bb5c287e-d375-44a0-9517-631025281cc2.zip?GoogleAccessId=service-376902100689@gcf-admin-robot.iam.gserviceaccount.com&Expires=1681382381&Signature=OGYiZi5I%2Fd9Oc6heRH%2B0vHMYVwulnVq6HsltxyXC2Awdu78Mud5Svd5DY8pXnXy1sLEs1USNP7cqODVd4ghBLAJQhIwl4DQ6rZCYty8ajy8FSNJX8nMgqeaLD3ZfvXfYiJ6QXX%2FdocOAFrex3BvEZ3f%2BFOLe3FfDjdib5dQJMa30uCOI2smFjuLN6o9k0%2FO42vDI6c%2BcTC28OjrtknjOVFo3AlT6qsSI3B5HOWC9%2F%2FlQNTOSkolJGRsNFv%2BkvA%2FHe0kujW0EqaIuQomlIros7kgn2GjNkRanigX5UBqOTyzDJDLoZA9bbm8d17PWu6WxIISdHIP5CVnOAKh1R531hw%3D%3D","environmentVariables":{"FIREBASE_CONFIG":"{\"projectId\":\"digitaldiaryba-170500\",\"databaseURL\":\"https://digitaldiaryba-170500-default-rtdb.europe-west1.firebasedatabase.app\",\"storageBucket\":\"digitaldiaryba-170500.appspot.com\"}","GCLOUD_PROJECT":"digitaldiaryba-170500","EVENTARC_CLOUD_EVENT_SOURCE":"projects/digitaldiaryba-170500/locations/us-central1/functions/annotateImage"},"runtime":"nodejs16","dockerRegistry":"ARTIFACT_REGISTRY"},"versionId":"1","updateTime":"2023-04-13T10:09:42Z"}}
[debug] [2023-04-13T10:09:42.373Z] >>> [apiv2][query] GET https://cloudfunctions.googleapis.com/v1/operations/ZGlnaXRhbGRpYXJ5YmEtMTcwNTAwL3VzLWNlbnRyYWwxL2Fubm90YXRlSW1hZ2UvNldsalJtdm5UUTA [none]
[debug] [2023-04-13T10:09:42.580Z] <<< [apiv2][status] GET https://cloudfunctions.googleapis.com/v1/operations/ZGlnaXRhbGRpYXJ5YmEtMTcwNTAwL3VzLWNlbnRyYWwxL2Fubm90YXRlSW1hZ2UvNldsalJtdm5UUTA 200
[debug] [2023-04-13T10:09:42.581Z] <<< [apiv2][body] GET https://cloudfunctions.googleapis.com/v1/operations/ZGlnaXRhbGRpYXJ5YmEtMTcwNTAwL3VzLWNlbnRyYWwxL2Fubm90YXRlSW1hZ2UvNldsalJtdm5UUTA {"name":"operations/ZGlnaXRhbGRpYXJ5YmEtMTcwNTAwL3VzLWNlbnRyYWwxL2Fubm90YXRlSW1hZ2UvNldsalJtdm5UUTA","metadata":{"@type":"type.googleapis.com/google.cloud.functions.v1.OperationMetadataV1","target":"projects/digitaldiaryba-170500/locations/us-central1/functions/annotateImage","type":"CREATE_FUNCTION","request":{"@type":"type.googleapis.com/google.cloud.functions.v1.CloudFunction","name":"projects/digitaldiaryba-170500/locations/us-central1/functions/annotateImage","httpsTrigger":{"securityLevel":"SECURE_ALWAYS"},"entryPoint":"annotateImage","labels":{"deployment-tool":"cli-firebase","deployment-callable":"true","firebase-functions-hash":"48fb153c39a040119670ac1082c237bb53a419c3"},"sourceUploadUrl":"https://storage.googleapis.com/uploads-765700249841.us-central1.cloudfunctions.appspot.com/bb5c287e-d375-44a0-9517-631025281cc2.zip?GoogleAccessId=service-376902100689@gcf-admin-robot.iam.gserviceaccount.com&Expires=1681382381&Signature=OGYiZi5I%2Fd9Oc6heRH%2B0vHMYVwulnVq6HsltxyXC2Awdu78Mud5Svd5DY8pXnXy1sLEs1USNP7cqODVd4ghBLAJQhIwl4DQ6rZCYty8ajy8FSNJX8nMgqeaLD3ZfvXfYiJ6QXX%2FdocOAFrex3BvEZ3f%2BFOLe3FfDjdib5dQJMa30uCOI2smFjuLN6o9k0%2FO42vDI6c%2BcTC28OjrtknjOVFo3AlT6qsSI3B5HOWC9%2F%2FlQNTOSkolJGRsNFv%2BkvA%2FHe0kujW0EqaIuQomlIros7kgn2GjNkRanigX5UBqOTyzDJDLoZA9bbm8d17PWu6WxIISdHIP5CVnOAKh1R531hw%3D%3D","environmentVariables":{"FIREBASE_CONFIG":"{\"projectId\":\"digitaldiaryba-170500\",\"databaseURL\":\"https://digitaldiaryba-170500-default-rtdb.europe-west1.firebasedatabase.app\",\"storageBucket\":\"digitaldiaryba-170500.appspot.com\"}","GCLOUD_PROJECT":"digitaldiaryba-170500","EVENTARC_CLOUD_EVENT_SOURCE":"projects/digitaldiaryba-170500/locations/us-central1/functions/annotateImage"},"runtime":"nodejs16","dockerRegistry":"ARTIFACT_REGISTRY"},"versionId":"1","updateTime":"2023-04-13T10:09:42Z"}}
[debug] [2023-04-13T10:09:43.085Z] [create-default-us-central1-annotateImage] Retrying task index 0
[debug] [2023-04-13T10:09:43.086Z] >>> [apiv2][query] GET https://cloudfunctions.googleapis.com/v1/operations/ZGlnaXRhbGRpYXJ5YmEtMTcwNTAwL3VzLWNlbnRyYWwxL2Fubm90YXRlSW1hZ2UvNldsalJtdm5UUTA [none]
[debug] [2023-04-13T10:09:43.282Z] <<< [apiv2][status] GET https://cloudfunctions.googleapis.com/v1/operations/ZGlnaXRhbGRpYXJ5YmEtMTcwNTAwL3VzLWNlbnRyYWwxL2Fubm90YXRlSW1hZ2UvNldsalJtdm5UUTA 200
[debug] [2023-04-13T10:09:43.283Z] <<< [apiv2][body] GET https://cloudfunctions.googleapis.com/v1/operations/ZGlnaXRhbGRpYXJ5YmEtMTcwNTAwL3VzLWNlbnRyYWwxL2Fubm90YXRlSW1hZ2UvNldsalJtdm5UUTA {"name":"operations/ZGlnaXRhbGRpYXJ5YmEtMTcwNTAwL3VzLWNlbnRyYWwxL2Fubm90YXRlSW1hZ2UvNldsalJtdm5UUTA","metadata":{"@type":"type.googleapis.com/google.cloud.functions.v1.OperationMetadataV1","target":"projects/digitaldiaryba-170500/locations/us-central1/functions/annotateImage","type":"CREATE_FUNCTION","request":{"@type":"type.googleapis.com/google.cloud.functions.v1.CloudFunction","name":"projects/digitaldiaryba-170500/locations/us-central1/functions/annotateImage","httpsTrigger":{"securityLevel":"SECURE_ALWAYS"},"entryPoint":"annotateImage","labels":{"deployment-tool":"cli-firebase","deployment-callable":"true","firebase-functions-hash":"48fb153c39a040119670ac1082c237bb53a419c3"},"sourceUploadUrl":"https://storage.googleapis.com/uploads-765700249841.us-central1.cloudfunctions.appspot.com/bb5c287e-d375-44a0-9517-631025281cc2.zip?GoogleAccessId=service-376902100689@gcf-admin-robot.iam.gserviceaccount.com&Expires=1681382381&Signature=OGYiZi5I%2Fd9Oc6heRH%2B0vHMYVwulnVq6HsltxyXC2Awdu78Mud5Svd5DY8pXnXy1sLEs1USNP7cqODVd4ghBLAJQhIwl4DQ6rZCYty8ajy8FSNJX8nMgqeaLD3ZfvXfYiJ6QXX%2FdocOAFrex3BvEZ3f%2BFOLe3FfDjdib5dQJMa30uCOI2smFjuLN6o9k0%2FO42vDI6c%2BcTC28OjrtknjOVFo3AlT6qsSI3B5HOWC9%2F%2FlQNTOSkolJGRsNFv%2BkvA%2FHe0kujW0EqaIuQomlIros7kgn2GjNkRanigX5UBqOTyzDJDLoZA9bbm8d17PWu6WxIISdHIP5CVnOAKh1R531hw%3D%3D","environmentVariables":{"FIREBASE_CONFIG":"{\"projectId\":\"digitaldiaryba-170500\",\"databaseURL\":\"https://digitaldiaryba-170500-default-rtdb.europe-west1.firebasedatabase.app\",\"storageBucket\":\"digitaldiaryba-170500.appspot.com\"}","GCLOUD_PROJECT":"digitaldiaryba-170500","EVENTARC_CLOUD_EVENT_SOURCE":"projects/digitaldiaryba-170500/locations/us-central1/functions/annotateImage"},"runtime":"nodejs16","dockerRegistry":"ARTIFACT_REGISTRY"},"versionId":"1","updateTime":"2023-04-13T10:09:42Z"}}
[debug] [2023-04-13T10:09:44.284Z] [create-default-us-central1-annotateImage] Retrying task index 0
[debug] [2023-04-13T10:09:44.285Z] >>> [apiv2][query] GET https://cloudfunctions.googleapis.com/v1/operations/ZGlnaXRhbGRpYXJ5YmEtMTcwNTAwL3VzLWNlbnRyYWwxL2Fubm90YXRlSW1hZ2UvNldsalJtdm5UUTA [none]
[debug] [2023-04-13T10:09:44.487Z] <<< [apiv2][status] GET https://cloudfunctions.googleapis.com/v1/operations/ZGlnaXRhbGRpYXJ5YmEtMTcwNTAwL3VzLWNlbnRyYWwxL2Fubm90YXRlSW1hZ2UvNldsalJtdm5UUTA 200
[debug] [2023-04-13T10:09:44.488Z] <<< [apiv2][body] GET https://cloudfunctions.googleapis.com/v1/operations/ZGlnaXRhbGRpYXJ5YmEtMTcwNTAwL3VzLWNlbnRyYWwxL2Fubm90YXRlSW1hZ2UvNldsalJtdm5UUTA {"name":"operations/ZGlnaXRhbGRpYXJ5YmEtMTcwNTAwL3VzLWNlbnRyYWwxL2Fubm90YXRlSW1hZ2UvNldsalJtdm5UUTA","metadata":{"@type":"type.googleapis.com/google.cloud.functions.v1.OperationMetadataV1","target":"projects/digitaldiaryba-170500/locations/us-central1/functions/annotateImage","type":"CREATE_FUNCTION","request":{"@type":"type.googleapis.com/google.cloud.functions.v1.CloudFunction","name":"projects/digitaldiaryba-170500/locations/us-central1/functions/annotateImage","httpsTrigger":{"securityLevel":"SECURE_ALWAYS"},"entryPoint":"annotateImage","labels":{"deployment-tool":"cli-firebase","deployment-callable":"true","firebase-functions-hash":"48fb153c39a040119670ac1082c237bb53a419c3"},"sourceUploadUrl":"https://storage.googleapis.com/uploads-765700249841.us-central1.cloudfunctions.appspot.com/bb5c287e-d375-44a0-9517-631025281cc2.zip?GoogleAccessId=service-376902100689@gcf-admin-robot.iam.gserviceaccount.com&Expires=1681382381&Signature=OGYiZi5I%2Fd9Oc6heRH%2B0vHMYVwulnVq6HsltxyXC2Awdu78Mud5Svd5DY8pXnXy1sLEs1USNP7cqODVd4ghBLAJQhIwl4DQ6rZCYty8ajy8FSNJX8nMgqeaLD3ZfvXfYiJ6QXX%2FdocOAFrex3BvEZ3f%2BFOLe3FfDjdib5dQJMa30uCOI2smFjuLN6o9k0%2FO42vDI6c%2BcTC28OjrtknjOVFo3AlT6qsSI3B5HOWC9%2F%2FlQNTOSkolJGRsNFv%2BkvA%2FHe0kujW0EqaIuQomlIros7kgn2GjNkRanigX5UBqOTyzDJDLoZA9bbm8d17PWu6WxIISdHIP5CVnOAKh1R531hw%3D%3D","environmentVariables":{"FIREBASE_CONFIG":"{\"projectId\":\"digitaldiaryba-170500\",\"databaseURL\":\"https://digitaldiaryba-170500-default-rtdb.europe-west1.firebasedatabase.app\",\"storageBucket\":\"digitaldiaryba-170500.appspot.com\"}","GCLOUD_PROJECT":"digitaldiaryba-170500","EVENTARC_CLOUD_EVENT_SOURCE":"projects/digitaldiaryba-170500/locations/us-central1/functions/annotateImage"},"runtime":"nodejs16","dockerRegistry":"ARTIFACT_REGISTRY"},"versionId":"1","updateTime":"2023-04-13T10:09:42Z"}}
[debug] [2023-04-13T10:09:46.489Z] [create-default-us-central1-annotateImage] Retrying task index 0
[debug] [2023-04-13T10:09:46.491Z] >>> [apiv2][query] GET https://cloudfunctions.googleapis.com/v1/operations/ZGlnaXRhbGRpYXJ5YmEtMTcwNTAwL3VzLWNlbnRyYWwxL2Fubm90YXRlSW1hZ2UvNldsalJtdm5UUTA [none]
[debug] [2023-04-13T10:09:46.691Z] <<< [apiv2][status] GET https://cloudfunctions.googleapis.com/v1/operations/ZGlnaXRhbGRpYXJ5YmEtMTcwNTAwL3VzLWNlbnRyYWwxL2Fubm90YXRlSW1hZ2UvNldsalJtdm5UUTA 200
[debug] [2023-04-13T10:09:46.691Z] <<< [apiv2][body] GET https://cloudfunctions.googleapis.com/v1/operations/ZGlnaXRhbGRpYXJ5YmEtMTcwNTAwL3VzLWNlbnRyYWwxL2Fubm90YXRlSW1hZ2UvNldsalJtdm5UUTA {"name":"operations/ZGlnaXRhbGRpYXJ5YmEtMTcwNTAwL3VzLWNlbnRyYWwxL2Fubm90YXRlSW1hZ2UvNldsalJtdm5UUTA","metadata":{"@type":"type.googleapis.com/google.cloud.functions.v1.OperationMetadataV1","target":"projects/digitaldiaryba-170500/locations/us-central1/functions/annotateImage","type":"CREATE_FUNCTION","request":{"@type":"type.googleapis.com/google.cloud.functions.v1.CloudFunction","name":"projects/digitaldiaryba-170500/locations/us-central1/functions/annotateImage","httpsTrigger":{"securityLevel":"SECURE_ALWAYS"},"entryPoint":"annotateImage","labels":{"deployment-tool":"cli-firebase","deployment-callable":"true","firebase-functions-hash":"48fb153c39a040119670ac1082c237bb53a419c3"},"sourceUploadUrl":"https://storage.googleapis.com/uploads-765700249841.us-central1.cloudfunctions.appspot.com/bb5c287e-d375-44a0-9517-631025281cc2.zip?GoogleAccessId=service-376902100689@gcf-admin-robot.iam.gserviceaccount.com&Expires=1681382381&Signature=OGYiZi5I%2Fd9Oc6heRH%2B0vHMYVwulnVq6HsltxyXC2Awdu78Mud5Svd5DY8pXnXy1sLEs1USNP7cqODVd4ghBLAJQhIwl4DQ6rZCYty8ajy8FSNJX8nMgqeaLD3ZfvXfYiJ6QXX%2FdocOAFrex3BvEZ3f%2BFOLe3FfDjdib5dQJMa30uCOI2smFjuLN6o9k0%2FO42vDI6c%2BcTC28OjrtknjOVFo3AlT6qsSI3B5HOWC9%2F%2FlQNTOSkolJGRsNFv%2BkvA%2FHe0kujW0EqaIuQomlIros7kgn2GjNkRanigX5UBqOTyzDJDLoZA9bbm8d17PWu6WxIISdHIP5CVnOAKh1R531hw%3D%3D","environmentVariables":{"FIREBASE_CONFIG":"{\"projectId\":\"digitaldiaryba-170500\",\"databaseURL\":\"https://digitaldiaryba-170500-default-rtdb.europe-west1.firebasedatabase.app\",\"storageBucket\":\"digitaldiaryba-170500.appspot.com\"}","GCLOUD_PROJECT":"digitaldiaryba-170500","EVENTARC_CLOUD_EVENT_SOURCE":"projects/digitaldiaryba-170500/locations/us-central1/functions/annotateImage"},"runtime":"nodejs16","dockerRegistry":"ARTIFACT_REGISTRY"},"versionId":"1","updateTime":"2023-04-13T10:09:42Z"}}
[debug] [2023-04-13T10:09:50.693Z] [create-default-us-central1-annotateImage] Retrying task index 0
[debug] [2023-04-13T10:09:50.694Z] >>> [apiv2][query] GET https://cloudfunctions.googleapis.com/v1/operations/ZGlnaXRhbGRpYXJ5YmEtMTcwNTAwL3VzLWNlbnRyYWwxL2Fubm90YXRlSW1hZ2UvNldsalJtdm5UUTA [none]
[debug] [2023-04-13T10:09:50.896Z] <<< [apiv2][status] GET https://cloudfunctions.googleapis.com/v1/operations/ZGlnaXRhbGRpYXJ5YmEtMTcwNTAwL3VzLWNlbnRyYWwxL2Fubm90YXRlSW1hZ2UvNldsalJtdm5UUTA 200
[debug] [2023-04-13T10:09:50.896Z] <<< [apiv2][body] GET https://cloudfunctions.googleapis.com/v1/operations/ZGlnaXRhbGRpYXJ5YmEtMTcwNTAwL3VzLWNlbnRyYWwxL2Fubm90YXRlSW1hZ2UvNldsalJtdm5UUTA {"name":"operations/ZGlnaXRhbGRpYXJ5YmEtMTcwNTAwL3VzLWNlbnRyYWwxL2Fubm90YXRlSW1hZ2UvNldsalJtdm5UUTA","metadata":{"@type":"type.googleapis.com/google.cloud.functions.v1.OperationMetadataV1","target":"projects/digitaldiaryba-170500/locations/us-central1/functions/annotateImage","type":"CREATE_FUNCTION","request":{"@type":"type.googleapis.com/google.cloud.functions.v1.CloudFunction","name":"projects/digitaldiaryba-170500/locations/us-central1/functions/annotateImage","httpsTrigger":{"securityLevel":"SECURE_ALWAYS"},"entryPoint":"annotateImage","labels":{"deployment-tool":"cli-firebase","deployment-callable":"true","firebase-functions-hash":"48fb153c39a040119670ac1082c237bb53a419c3"},"sourceUploadUrl":"https://storage.googleapis.com/uploads-765700249841.us-central1.cloudfunctions.appspot.com/bb5c287e-d375-44a0-9517-631025281cc2.zip?GoogleAccessId=service-376902100689@gcf-admin-robot.iam.gserviceaccount.com&Expires=1681382381&Signature=OGYiZi5I%2Fd9Oc6heRH%2B0vHMYVwulnVq6HsltxyXC2Awdu78Mud5Svd5DY8pXnXy1sLEs1USNP7cqODVd4ghBLAJQhIwl4DQ6rZCYty8ajy8FSNJX8nMgqeaLD3ZfvXfYiJ6QXX%2FdocOAFrex3BvEZ3f%2BFOLe3FfDjdib5dQJMa30uCOI2smFjuLN6o9k0%2FO42vDI6c%2BcTC28OjrtknjOVFo3AlT6qsSI3B5HOWC9%2F%2FlQNTOSkolJGRsNFv%2BkvA%2FHe0kujW0EqaIuQomlIros7kgn2GjNkRanigX5UBqOTyzDJDLoZA9bbm8d17PWu6WxIISdHIP5CVnOAKh1R531hw%3D%3D","environmentVariables":{"FIREBASE_CONFIG":"{\"projectId\":\"digitaldiaryba-170500\",\"databaseURL\":\"https://digitaldiaryba-170500-default-rtdb.europe-west1.firebasedatabase.app\",\"storageBucket\":\"digitaldiaryba-170500.appspot.com\"}","GCLOUD_PROJECT":"digitaldiaryba-170500","EVENTARC_CLOUD_EVENT_SOURCE":"projects/digitaldiaryba-170500/locations/us-central1/functions/annotateImage"},"runtime":"nodejs16","dockerRegistry":"ARTIFACT_REGISTRY"},"versionId":"1","updateTime":"2023-04-13T10:09:42Z"}}
[debug] [2023-04-13T10:09:58.897Z] [create-default-us-central1-annotateImage] Retrying task index 0
[debug] [2023-04-13T10:09:58.899Z] >>> [apiv2][query] GET https://cloudfunctions.googleapis.com/v1/operations/ZGlnaXRhbGRpYXJ5YmEtMTcwNTAwL3VzLWNlbnRyYWwxL2Fubm90YXRlSW1hZ2UvNldsalJtdm5UUTA [none]
[debug] [2023-04-13T10:09:59.177Z] <<< [apiv2][status] GET https://cloudfunctions.googleapis.com/v1/operations/ZGlnaXRhbGRpYXJ5YmEtMTcwNTAwL3VzLWNlbnRyYWwxL2Fubm90YXRlSW1hZ2UvNldsalJtdm5UUTA 200
[debug] [2023-04-13T10:09:59.178Z] <<< [apiv2][body] GET https://cloudfunctions.googleapis.com/v1/operations/ZGlnaXRhbGRpYXJ5YmEtMTcwNTAwL3VzLWNlbnRyYWwxL2Fubm90YXRlSW1hZ2UvNldsalJtdm5UUTA {"name":"operations/ZGlnaXRhbGRpYXJ5YmEtMTcwNTAwL3VzLWNlbnRyYWwxL2Fubm90YXRlSW1hZ2UvNldsalJtdm5UUTA","metadata":{"@type":"type.googleapis.com/google.cloud.functions.v1.OperationMetadataV1","target":"projects/digitaldiaryba-170500/locations/us-central1/functions/annotateImage","type":"CREATE_FUNCTION","request":{"@type":"type.googleapis.com/google.cloud.functions.v1.CloudFunction","name":"projects/digitaldiaryba-170500/locations/us-central1/functions/annotateImage","httpsTrigger":{"securityLevel":"SECURE_ALWAYS"},"entryPoint":"annotateImage","labels":{"deployment-tool":"cli-firebase","deployment-callable":"true","firebase-functions-hash":"48fb153c39a040119670ac1082c237bb53a419c3"},"sourceUploadUrl":"https://storage.googleapis.com/uploads-765700249841.us-central1.cloudfunctions.appspot.com/bb5c287e-d375-44a0-9517-631025281cc2.zip?GoogleAccessId=service-376902100689@gcf-admin-robot.iam.gserviceaccount.com&Expires=1681382381&Signature=OGYiZi5I%2Fd9Oc6heRH%2B0vHMYVwulnVq6HsltxyXC2Awdu78Mud5Svd5DY8pXnXy1sLEs1USNP7cqODVd4ghBLAJQhIwl4DQ6rZCYty8ajy8FSNJX8nMgqeaLD3ZfvXfYiJ6QXX%2FdocOAFrex3BvEZ3f%2BFOLe3FfDjdib5dQJMa30uCOI2smFjuLN6o9k0%2FO42vDI6c%2BcTC28OjrtknjOVFo3AlT6qsSI3B5HOWC9%2F%2FlQNTOSkolJGRsNFv%2BkvA%2FHe0kujW0EqaIuQomlIros7kgn2GjNkRanigX5UBqOTyzDJDLoZA9bbm8d17PWu6WxIISdHIP5CVnOAKh1R531hw%3D%3D","environmentVariables":{"FIREBASE_CONFIG":"{\"projectId\":\"digitaldiaryba-170500\",\"databaseURL\":\"https://digitaldiaryba-170500-default-rtdb.europe-west1.firebasedatabase.app\",\"storageBucket\":\"digitaldiaryba-170500.appspot.com\"}","GCLOUD_PROJECT":"digitaldiaryba-170500","EVENTARC_CLOUD_EVENT_SOURCE":"projects/digitaldiaryba-170500/locations/us-central1/functions/annotateImage"},"runtime":"nodejs16","dockerRegistry":"ARTIFACT_REGISTRY"},"versionId":"1","updateTime":"2023-04-13T10:09:42Z","buildId":"44c1aa31-cd25-4d48-9e47-3a591c225c61","buildName":"projects/376902100689/locations/us-central1/builds/44c1aa31-cd25-4d48-9e47-3a591c225c61"}}
[debug] [2023-04-13T10:10:09.180Z] [create-default-us-central1-annotateImage] Retrying task index 0
[debug] [2023-04-13T10:10:09.181Z] >>> [apiv2][query] GET https://cloudfunctions.googleapis.com/v1/operations/ZGlnaXRhbGRpYXJ5YmEtMTcwNTAwL3VzLWNlbnRyYWwxL2Fubm90YXRlSW1hZ2UvNldsalJtdm5UUTA [none]
[debug] [2023-04-13T10:10:09.455Z] <<< [apiv2][status] GET https://cloudfunctions.googleapis.com/v1/operations/ZGlnaXRhbGRpYXJ5YmEtMTcwNTAwL3VzLWNlbnRyYWwxL2Fubm90YXRlSW1hZ2UvNldsalJtdm5UUTA 200
[debug] [2023-04-13T10:10:09.455Z] <<< [apiv2][body] GET https://cloudfunctions.googleapis.com/v1/operations/ZGlnaXRhbGRpYXJ5YmEtMTcwNTAwL3VzLWNlbnRyYWwxL2Fubm90YXRlSW1hZ2UvNldsalJtdm5UUTA {"name":"operations/ZGlnaXRhbGRpYXJ5YmEtMTcwNTAwL3VzLWNlbnRyYWwxL2Fubm90YXRlSW1hZ2UvNldsalJtdm5UUTA","metadata":{"@type":"type.googleapis.com/google.cloud.functions.v1.OperationMetadataV1","target":"projects/digitaldiaryba-170500/locations/us-central1/functions/annotateImage","type":"CREATE_FUNCTION","request":{"@type":"type.googleapis.com/google.cloud.functions.v1.CloudFunction","name":"projects/digitaldiaryba-170500/locations/us-central1/functions/annotateImage","httpsTrigger":{"securityLevel":"SECURE_ALWAYS"},"entryPoint":"annotateImage","labels":{"deployment-tool":"cli-firebase","deployment-callable":"true","firebase-functions-hash":"48fb153c39a040119670ac1082c237bb53a419c3"},"sourceUploadUrl":"https://storage.googleapis.com/uploads-765700249841.us-central1.cloudfunctions.appspot.com/bb5c287e-d375-44a0-9517-631025281cc2.zip?GoogleAccessId=service-376902100689@gcf-admin-robot.iam.gserviceaccount.com&Expires=1681382381&Signature=OGYiZi5I%2Fd9Oc6heRH%2B0vHMYVwulnVq6HsltxyXC2Awdu78Mud5Svd5DY8pXnXy1sLEs1USNP7cqODVd4ghBLAJQhIwl4DQ6rZCYty8ajy8FSNJX8nMgqeaLD3ZfvXfYiJ6QXX%2FdocOAFrex3BvEZ3f%2BFOLe3FfDjdib5dQJMa30uCOI2smFjuLN6o9k0%2FO42vDI6c%2BcTC28OjrtknjOVFo3AlT6qsSI3B5HOWC9%2F%2FlQNTOSkolJGRsNFv%2BkvA%2FHe0kujW0EqaIuQomlIros7kgn2GjNkRanigX5UBqOTyzDJDLoZA9bbm8d17PWu6WxIISdHIP5CVnOAKh1R531hw%3D%3D","environmentVariables":{"FIREBASE_CONFIG":"{\"projectId\":\"digitaldiaryba-170500\",\"databaseURL\":\"https://digitaldiaryba-170500-default-rtdb.europe-west1.firebasedatabase.app\",\"storageBucket\":\"digitaldiaryba-170500.appspot.com\"}","GCLOUD_PROJECT":"digitaldiaryba-170500","EVENTARC_CLOUD_EVENT_SOURCE":"projects/digitaldiaryba-170500/locations/us-central1/functions/annotateImage"},"runtime":"nodejs16","dockerRegistry":"ARTIFACT_REGISTRY"},"versionId":"1","updateTime":"2023-04-13T10:09:42Z","buildId":"44c1aa31-cd25-4d48-9e47-3a591c225c61","buildName":"projects/376902100689/locations/us-central1/builds/44c1aa31-cd25-4d48-9e47-3a591c225c61"}}
[debug] [2023-04-13T10:10:19.457Z] [create-default-us-central1-annotateImage] Retrying task index 0
[debug] [2023-04-13T10:10:19.459Z] >>> [apiv2][query] GET https://cloudfunctions.googleapis.com/v1/operations/ZGlnaXRhbGRpYXJ5YmEtMTcwNTAwL3VzLWNlbnRyYWwxL2Fubm90YXRlSW1hZ2UvNldsalJtdm5UUTA [none]
[debug] [2023-04-13T10:10:19.718Z] <<< [apiv2][status] GET https://cloudfunctions.googleapis.com/v1/operations/ZGlnaXRhbGRpYXJ5YmEtMTcwNTAwL3VzLWNlbnRyYWwxL2Fubm90YXRlSW1hZ2UvNldsalJtdm5UUTA 200
[debug] [2023-04-13T10:10:19.718Z] <<< [apiv2][body] GET https://cloudfunctions.googleapis.com/v1/operations/ZGlnaXRhbGRpYXJ5YmEtMTcwNTAwL3VzLWNlbnRyYWwxL2Fubm90YXRlSW1hZ2UvNldsalJtdm5UUTA {"name":"operations/ZGlnaXRhbGRpYXJ5YmEtMTcwNTAwL3VzLWNlbnRyYWwxL2Fubm90YXRlSW1hZ2UvNldsalJtdm5UUTA","metadata":{"@type":"type.googleapis.com/google.cloud.functions.v1.OperationMetadataV1","target":"projects/digitaldiaryba-170500/locations/us-central1/functions/annotateImage","type":"CREATE_FUNCTION","request":{"@type":"type.googleapis.com/google.cloud.functions.v1.CloudFunction","name":"projects/digitaldiaryba-170500/locations/us-central1/functions/annotateImage","httpsTrigger":{"securityLevel":"SECURE_ALWAYS"},"entryPoint":"annotateImage","labels":{"deployment-tool":"cli-firebase","deployment-callable":"true","firebase-functions-hash":"48fb153c39a040119670ac1082c237bb53a419c3"},"sourceUploadUrl":"https://storage.googleapis.com/uploads-765700249841.us-central1.cloudfunctions.appspot.com/bb5c287e-d375-44a0-9517-631025281cc2.zip?GoogleAccessId=service-376902100689@gcf-admin-robot.iam.gserviceaccount.com&Expires=1681382381&Signature=OGYiZi5I%2Fd9Oc6heRH%2B0vHMYVwulnVq6HsltxyXC2Awdu78Mud5Svd5DY8pXnXy1sLEs1USNP7cqODVd4ghBLAJQhIwl4DQ6rZCYty8ajy8FSNJX8nMgqeaLD3ZfvXfYiJ6QXX%2FdocOAFrex3BvEZ3f%2BFOLe3FfDjdib5dQJMa30uCOI2smFjuLN6o9k0%2FO42vDI6c%2BcTC28OjrtknjOVFo3AlT6qsSI3B5HOWC9%2F%2FlQNTOSkolJGRsNFv%2BkvA%2FHe0kujW0EqaIuQomlIros7kgn2GjNkRanigX5UBqOTyzDJDLoZA9bbm8d17PWu6WxIISdHIP5CVnOAKh1R531hw%3D%3D","environmentVariables":{"FIREBASE_CONFIG":"{\"projectId\":\"digitaldiaryba-170500\",\"databaseURL\":\"https://digitaldiaryba-170500-default-rtdb.europe-west1.firebasedatabase.app\",\"storageBucket\":\"digitaldiaryba-170500.appspot.com\"}","GCLOUD_PROJECT":"digitaldiaryba-170500","EVENTARC_CLOUD_EVENT_SOURCE":"projects/digitaldiaryba-170500/locations/us-central1/functions/annotateImage"},"runtime":"nodejs16","dockerRegistry":"ARTIFACT_REGISTRY"},"versionId":"1","updateTime":"2023-04-13T10:09:42Z","buildId":"44c1aa31-cd25-4d48-9e47-3a591c225c61","buildName":"projects/376902100689/locations/us-central1/builds/44c1aa31-cd25-4d48-9e47-3a591c225c61"}}
[debug] [2023-04-13T10:10:29.720Z] [create-default-us-central1-annotateImage] Retrying task index 0
[debug] [2023-04-13T10:10:29.722Z] >>> [apiv2][query] GET https://cloudfunctions.googleapis.com/v1/operations/ZGlnaXRhbGRpYXJ5YmEtMTcwNTAwL3VzLWNlbnRyYWwxL2Fubm90YXRlSW1hZ2UvNldsalJtdm5UUTA [none]
[debug] [2023-04-13T10:10:29.989Z] <<< [apiv2][status] GET https://cloudfunctions.googleapis.com/v1/operations/ZGlnaXRhbGRpYXJ5YmEtMTcwNTAwL3VzLWNlbnRyYWwxL2Fubm90YXRlSW1hZ2UvNldsalJtdm5UUTA 200
[debug] [2023-04-13T10:10:29.990Z] <<< [apiv2][body] GET https://cloudfunctions.googleapis.com/v1/operations/ZGlnaXRhbGRpYXJ5YmEtMTcwNTAwL3VzLWNlbnRyYWwxL2Fubm90YXRlSW1hZ2UvNldsalJtdm5UUTA {"name":"operations/ZGlnaXRhbGRpYXJ5YmEtMTcwNTAwL3VzLWNlbnRyYWwxL2Fubm90YXRlSW1hZ2UvNldsalJtdm5UUTA","metadata":{"@type":"type.googleapis.com/google.cloud.functions.v1.OperationMetadataV1","target":"projects/digitaldiaryba-170500/locations/us-central1/functions/annotateImage","type":"CREATE_FUNCTION","request":{"@type":"type.googleapis.com/google.cloud.functions.v1.CloudFunction","name":"projects/digitaldiaryba-170500/locations/us-central1/functions/annotateImage","httpsTrigger":{"securityLevel":"SECURE_ALWAYS"},"entryPoint":"annotateImage","labels":{"deployment-tool":"cli-firebase","deployment-callable":"true","firebase-functions-hash":"48fb153c39a040119670ac1082c237bb53a419c3"},"sourceUploadUrl":"https://storage.googleapis.com/uploads-765700249841.us-central1.cloudfunctions.appspot.com/bb5c287e-d375-44a0-9517-631025281cc2.zip?GoogleAccessId=service-376902100689@gcf-admin-robot.iam.gserviceaccount.com&Expires=1681382381&Signature=OGYiZi5I%2Fd9Oc6heRH%2B0vHMYVwulnVq6HsltxyXC2Awdu78Mud5Svd5DY8pXnXy1sLEs1USNP7cqODVd4ghBLAJQhIwl4DQ6rZCYty8ajy8FSNJX8nMgqeaLD3ZfvXfYiJ6QXX%2FdocOAFrex3BvEZ3f%2BFOLe3FfDjdib5dQJMa30uCOI2smFjuLN6o9k0%2FO42vDI6c%2BcTC28OjrtknjOVFo3AlT6qsSI3B5HOWC9%2F%2FlQNTOSkolJGRsNFv%2BkvA%2FHe0kujW0EqaIuQomlIros7kgn2GjNkRanigX5UBqOTyzDJDLoZA9bbm8d17PWu6WxIISdHIP5CVnOAKh1R531hw%3D%3D","environmentVariables":{"FIREBASE_CONFIG":"{\"projectId\":\"digitaldiaryba-170500\",\"databaseURL\":\"https://digitaldiaryba-170500-default-rtdb.europe-west1.firebasedatabase.app\",\"storageBucket\":\"digitaldiaryba-170500.appspot.com\"}","GCLOUD_PROJECT":"digitaldiaryba-170500","EVENTARC_CLOUD_EVENT_SOURCE":"projects/digitaldiaryba-170500/locations/us-central1/functions/annotateImage"},"runtime":"nodejs16","dockerRegistry":"ARTIFACT_REGISTRY"},"versionId":"1","updateTime":"2023-04-13T10:09:42Z","buildId":"44c1aa31-cd25-4d48-9e47-3a591c225c61","buildName":"projects/376902100689/locations/us-central1/builds/44c1aa31-cd25-4d48-9e47-3a591c225c61"}}
[debug] [2023-04-13T10:10:39.991Z] [create-default-us-central1-annotateImage] Retrying task index 0
[debug] [2023-04-13T10:10:39.994Z] > refreshing access token with scopes: []
[debug] [2023-04-13T10:10:39.996Z] >>> [apiv2][query] POST https://www.googleapis.com/oauth2/v3/token [none]
[debug] [2023-04-13T10:10:39.996Z] >>> [apiv2][body] POST https://www.googleapis.com/oauth2/v3/token [omitted]
[debug] [2023-04-13T10:10:40.154Z] <<< [apiv2][status] POST https://www.googleapis.com/oauth2/v3/token 200
[debug] [2023-04-13T10:10:40.155Z] <<< [apiv2][body] POST https://www.googleapis.com/oauth2/v3/token [omitted]
[debug] [2023-04-13T10:10:40.193Z] >>> [apiv2][query] GET https://cloudfunctions.googleapis.com/v1/operations/ZGlnaXRhbGRpYXJ5YmEtMTcwNTAwL3VzLWNlbnRyYWwxL2Fubm90YXRlSW1hZ2UvNldsalJtdm5UUTA [none]
[debug] [2023-04-13T10:10:40.464Z] <<< [apiv2][status] GET https://cloudfunctions.googleapis.com/v1/operations/ZGlnaXRhbGRpYXJ5YmEtMTcwNTAwL3VzLWNlbnRyYWwxL2Fubm90YXRlSW1hZ2UvNldsalJtdm5UUTA 200
[debug] [2023-04-13T10:10:40.464Z] <<< [apiv2][body] GET https://cloudfunctions.googleapis.com/v1/operations/ZGlnaXRhbGRpYXJ5YmEtMTcwNTAwL3VzLWNlbnRyYWwxL2Fubm90YXRlSW1hZ2UvNldsalJtdm5UUTA {"name":"operations/ZGlnaXRhbGRpYXJ5YmEtMTcwNTAwL3VzLWNlbnRyYWwxL2Fubm90YXRlSW1hZ2UvNldsalJtdm5UUTA","metadata":{"@type":"type.googleapis.com/google.cloud.functions.v1.OperationMetadataV1","target":"projects/digitaldiaryba-170500/locations/us-central1/functions/annotateImage","type":"CREATE_FUNCTION","request":{"@type":"type.googleapis.com/google.cloud.functions.v1.CloudFunction","name":"projects/digitaldiaryba-170500/locations/us-central1/functions/annotateImage","httpsTrigger":{"securityLevel":"SECURE_ALWAYS"},"entryPoint":"annotateImage","labels":{"deployment-tool":"cli-firebase","deployment-callable":"true","firebase-functions-hash":"48fb153c39a040119670ac1082c237bb53a419c3"},"sourceUploadUrl":"https://storage.googleapis.com/uploads-765700249841.us-central1.cloudfunctions.appspot.com/bb5c287e-d375-44a0-9517-631025281cc2.zip?GoogleAccessId=service-376902100689@gcf-admin-robot.iam.gserviceaccount.com&Expires=1681382381&Signature=OGYiZi5I%2Fd9Oc6heRH%2B0vHMYVwulnVq6HsltxyXC2Awdu78Mud5Svd5DY8pXnXy1sLEs1USNP7cqODVd4ghBLAJQhIwl4DQ6rZCYty8ajy8FSNJX8nMgqeaLD3ZfvXfYiJ6QXX%2FdocOAFrex3BvEZ3f%2BFOLe3FfDjdib5dQJMa30uCOI2smFjuLN6o9k0%2FO42vDI6c%2BcTC28OjrtknjOVFo3AlT6qsSI3B5HOWC9%2F%2FlQNTOSkolJGRsNFv%2BkvA%2FHe0kujW0EqaIuQomlIros7kgn2GjNkRanigX5UBqOTyzDJDLoZA9bbm8d17PWu6WxIISdHIP5CVnOAKh1R531hw%3D%3D","environmentVariables":{"FIREBASE_CONFIG":"{\"projectId\":\"digitaldiaryba-170500\",\"databaseURL\":\"https://digitaldiaryba-170500-default-rtdb.europe-west1.firebasedatabase.app\",\"storageBucket\":\"digitaldiaryba-170500.appspot.com\"}","GCLOUD_PROJECT":"digitaldiaryba-170500","EVENTARC_CLOUD_EVENT_SOURCE":"projects/digitaldiaryba-170500/locations/us-central1/functions/annotateImage"},"runtime":"nodejs16","dockerRegistry":"ARTIFACT_REGISTRY"},"versionId":"1","updateTime":"2023-04-13T10:09:42Z","buildId":"44c1aa31-cd25-4d48-9e47-3a591c225c61","buildName":"projects/376902100689/locations/us-central1/builds/44c1aa31-cd25-4d48-9e47-3a591c225c61"}}
[debug] [2023-04-13T10:10:50.467Z] [create-default-us-central1-annotateImage] Retrying task index 0
[debug] [2023-04-13T10:10:50.468Z] >>> [apiv2][query] GET https://cloudfunctions.googleapis.com/v1/operations/ZGlnaXRhbGRpYXJ5YmEtMTcwNTAwL3VzLWNlbnRyYWwxL2Fubm90YXRlSW1hZ2UvNldsalJtdm5UUTA [none]
[debug] [2023-04-13T10:10:50.755Z] <<< [apiv2][status] GET https://cloudfunctions.googleapis.com/v1/operations/ZGlnaXRhbGRpYXJ5YmEtMTcwNTAwL3VzLWNlbnRyYWwxL2Fubm90YXRlSW1hZ2UvNldsalJtdm5UUTA 200
[debug] [2023-04-13T10:10:50.755Z] <<< [apiv2][body] GET https://cloudfunctions.googleapis.com/v1/operations/ZGlnaXRhbGRpYXJ5YmEtMTcwNTAwL3VzLWNlbnRyYWwxL2Fubm90YXRlSW1hZ2UvNldsalJtdm5UUTA {"name":"operations/ZGlnaXRhbGRpYXJ5YmEtMTcwNTAwL3VzLWNlbnRyYWwxL2Fubm90YXRlSW1hZ2UvNldsalJtdm5UUTA","metadata":{"@type":"type.googleapis.com/google.cloud.functions.v1.OperationMetadataV1","target":"projects/digitaldiaryba-170500/locations/us-central1/functions/annotateImage","type":"CREATE_FUNCTION","request":{"@type":"type.googleapis.com/google.cloud.functions.v1.CloudFunction","name":"projects/digitaldiaryba-170500/locations/us-central1/functions/annotateImage","httpsTrigger":{"securityLevel":"SECURE_ALWAYS"},"entryPoint":"annotateImage","labels":{"deployment-tool":"cli-firebase","deployment-callable":"true","firebase-functions-hash":"48fb153c39a040119670ac1082c237bb53a419c3"},"sourceUploadUrl":"https://storage.googleapis.com/uploads-765700249841.us-central1.cloudfunctions.appspot.com/bb5c287e-d375-44a0-9517-631025281cc2.zip?GoogleAccessId=service-376902100689@gcf-admin-robot.iam.gserviceaccount.com&Expires=1681382381&Signature=OGYiZi5I%2Fd9Oc6heRH%2B0vHMYVwulnVq6HsltxyXC2Awdu78Mud5Svd5DY8pXnXy1sLEs1USNP7cqODVd4ghBLAJQhIwl4DQ6rZCYty8ajy8FSNJX8nMgqeaLD3ZfvXfYiJ6QXX%2FdocOAFrex3BvEZ3f%2BFOLe3FfDjdib5dQJMa30uCOI2smFjuLN6o9k0%2FO42vDI6c%2BcTC28OjrtknjOVFo3AlT6qsSI3B5HOWC9%2F%2FlQNTOSkolJGRsNFv%2BkvA%2FHe0kujW0EqaIuQomlIros7kgn2GjNkRanigX5UBqOTyzDJDLoZA9bbm8d17PWu6WxIISdHIP5CVnOAKh1R531hw%3D%3D","environmentVariables":{"FIREBASE_CONFIG":"{\"projectId\":\"digitaldiaryba-170500\",\"databaseURL\":\"https://digitaldiaryba-170500-default-rtdb.europe-west1.firebasedatabase.app\",\"storageBucket\":\"digitaldiaryba-170500.appspot.com\"}","GCLOUD_PROJECT":"digitaldiaryba-170500","EVENTARC_CLOUD_EVENT_SOURCE":"projects/digitaldiaryba-170500/locations/us-central1/functions/annotateImage"},"runtime":"nodejs16","dockerRegistry":"ARTIFACT_REGISTRY"},"versionId":"1","updateTime":"2023-04-13T10:09:42Z","buildId":"44c1aa31-cd25-4d48-9e47-3a591c225c61","buildName":"projects/376902100689/locations/us-central1/builds/44c1aa31-cd25-4d48-9e47-3a591c225c61"}}
[debug] [2023-04-13T10:11:00.757Z] [create-default-us-central1-annotateImage] Retrying task index 0
[debug] [2023-04-13T10:11:00.759Z] >>> [apiv2][query] GET https://cloudfunctions.googleapis.com/v1/operations/ZGlnaXRhbGRpYXJ5YmEtMTcwNTAwL3VzLWNlbnRyYWwxL2Fubm90YXRlSW1hZ2UvNldsalJtdm5UUTA [none]
[debug] [2023-04-13T10:11:01.033Z] <<< [apiv2][status] GET https://cloudfunctions.googleapis.com/v1/operations/ZGlnaXRhbGRpYXJ5YmEtMTcwNTAwL3VzLWNlbnRyYWwxL2Fubm90YXRlSW1hZ2UvNldsalJtdm5UUTA 200
[debug] [2023-04-13T10:11:01.033Z] <<< [apiv2][body] GET https://cloudfunctions.googleapis.com/v1/operations/ZGlnaXRhbGRpYXJ5YmEtMTcwNTAwL3VzLWNlbnRyYWwxL2Fubm90YXRlSW1hZ2UvNldsalJtdm5UUTA {"name":"operations/ZGlnaXRhbGRpYXJ5YmEtMTcwNTAwL3VzLWNlbnRyYWwxL2Fubm90YXRlSW1hZ2UvNldsalJtdm5UUTA","metadata":{"@type":"type.googleapis.com/google.cloud.functions.v1.OperationMetadataV1","target":"projects/digitaldiaryba-170500/locations/us-central1/functions/annotateImage","type":"CREATE_FUNCTION","request":{"@type":"type.googleapis.com/google.cloud.functions.v1.CloudFunction","name":"projects/digitaldiaryba-170500/locations/us-central1/functions/annotateImage","httpsTrigger":{"securityLevel":"SECURE_ALWAYS"},"entryPoint":"annotateImage","labels":{"deployment-tool":"cli-firebase","deployment-callable":"true","firebase-functions-hash":"48fb153c39a040119670ac1082c237bb53a419c3"},"sourceUploadUrl":"https://storage.googleapis.com/uploads-765700249841.us-central1.cloudfunctions.appspot.com/bb5c287e-d375-44a0-9517-631025281cc2.zip?GoogleAccessId=service-376902100689@gcf-admin-robot.iam.gserviceaccount.com&Expires=1681382381&Signature=OGYiZi5I%2Fd9Oc6heRH%2B0vHMYVwulnVq6HsltxyXC2Awdu78Mud5Svd5DY8pXnXy1sLEs1USNP7cqODVd4ghBLAJQhIwl4DQ6rZCYty8ajy8FSNJX8nMgqeaLD3ZfvXfYiJ6QXX%2FdocOAFrex3BvEZ3f%2BFOLe3FfDjdib5dQJMa30uCOI2smFjuLN6o9k0%2FO42vDI6c%2BcTC28OjrtknjOVFo3AlT6qsSI3B5HOWC9%2F%2FlQNTOSkolJGRsNFv%2BkvA%2FHe0kujW0EqaIuQomlIros7kgn2GjNkRanigX5UBqOTyzDJDLoZA9bbm8d17PWu6WxIISdHIP5CVnOAKh1R531hw%3D%3D","environmentVariables":{"FIREBASE_CONFIG":"{\"projectId\":\"digitaldiaryba-170500\",\"databaseURL\":\"https://digitaldiaryba-170500-default-rtdb.europe-west1.firebasedatabase.app\",\"storageBucket\":\"digitaldiaryba-170500.appspot.com\"}","GCLOUD_PROJECT":"digitaldiaryba-170500","EVENTARC_CLOUD_EVENT_SOURCE":"projects/digitaldiaryba-170500/locations/us-central1/functions/annotateImage"},"runtime":"nodejs16","dockerRegistry":"ARTIFACT_REGISTRY"},"versionId":"1","updateTime":"2023-04-13T10:09:42Z","buildId":"44c1aa31-cd25-4d48-9e47-3a591c225c61","sourceToken":"d13c80ad-4cb5-427c-80a9-0011c82835c8","buildName":"projects/376902100689/locations/us-central1/builds/44c1aa31-cd25-4d48-9e47-3a591c225c61"}}
[debug] [2023-04-13T10:11:01.034Z] Got source token d13c80ad-4cb5-427c-80a9-0011c82835c8 for region us-central1
[debug] [2023-04-13T10:11:11.036Z] [create-default-us-central1-annotateImage] Retrying task index 0
[debug] [2023-04-13T10:11:11.037Z] >>> [apiv2][query] GET https://cloudfunctions.googleapis.com/v1/operations/ZGlnaXRhbGRpYXJ5YmEtMTcwNTAwL3VzLWNlbnRyYWwxL2Fubm90YXRlSW1hZ2UvNldsalJtdm5UUTA [none]
[debug] [2023-04-13T10:11:11.347Z] <<< [apiv2][status] GET https://cloudfunctions.googleapis.com/v1/operations/ZGlnaXRhbGRpYXJ5YmEtMTcwNTAwL3VzLWNlbnRyYWwxL2Fubm90YXRlSW1hZ2UvNldsalJtdm5UUTA 200
[debug] [2023-04-13T10:11:11.348Z] <<< [apiv2][body] GET https://cloudfunctions.googleapis.com/v1/operations/ZGlnaXRhbGRpYXJ5YmEtMTcwNTAwL3VzLWNlbnRyYWwxL2Fubm90YXRlSW1hZ2UvNldsalJtdm5UUTA {"name":"operations/ZGlnaXRhbGRpYXJ5YmEtMTcwNTAwL3VzLWNlbnRyYWwxL2Fubm90YXRlSW1hZ2UvNldsalJtdm5UUTA","metadata":{"@type":"type.googleapis.com/google.cloud.functions.v1.OperationMetadataV1","target":"projects/digitaldiaryba-170500/locations/us-central1/functions/annotateImage","type":"CREATE_FUNCTION","request":{"@type":"type.googleapis.com/google.cloud.functions.v1.CloudFunction","name":"projects/digitaldiaryba-170500/locations/us-central1/functions/annotateImage","httpsTrigger":{"securityLevel":"SECURE_ALWAYS"},"entryPoint":"annotateImage","labels":{"deployment-tool":"cli-firebase","deployment-callable":"true","firebase-functions-hash":"48fb153c39a040119670ac1082c237bb53a419c3"},"sourceUploadUrl":"https://storage.googleapis.com/uploads-765700249841.us-central1.cloudfunctions.appspot.com/bb5c287e-d375-44a0-9517-631025281cc2.zip?GoogleAccessId=service-376902100689@gcf-admin-robot.iam.gserviceaccount.com&Expires=1681382381&Signature=OGYiZi5I%2Fd9Oc6heRH%2B0vHMYVwulnVq6HsltxyXC2Awdu78Mud5Svd5DY8pXnXy1sLEs1USNP7cqODVd4ghBLAJQhIwl4DQ6rZCYty8ajy8FSNJX8nMgqeaLD3ZfvXfYiJ6QXX%2FdocOAFrex3BvEZ3f%2BFOLe3FfDjdib5dQJMa30uCOI2smFjuLN6o9k0%2FO42vDI6c%2BcTC28OjrtknjOVFo3AlT6qsSI3B5HOWC9%2F%2FlQNTOSkolJGRsNFv%2BkvA%2FHe0kujW0EqaIuQomlIros7kgn2GjNkRanigX5UBqOTyzDJDLoZA9bbm8d17PWu6WxIISdHIP5CVnOAKh1R531hw%3D%3D","environmentVariables":{"FIREBASE_CONFIG":"{\"projectId\":\"digitaldiaryba-170500\",\"databaseURL\":\"https://digitaldiaryba-170500-default-rtdb.europe-west1.firebasedatabase.app\",\"storageBucket\":\"digitaldiaryba-170500.appspot.com\"}","GCLOUD_PROJECT":"digitaldiaryba-170500","EVENTARC_CLOUD_EVENT_SOURCE":"projects/digitaldiaryba-170500/locations/us-central1/functions/annotateImage"},"runtime":"nodejs16","dockerRegistry":"ARTIFACT_REGISTRY"},"versionId":"1","updateTime":"2023-04-13T10:09:42Z","buildId":"44c1aa31-cd25-4d48-9e47-3a591c225c61","sourceToken":"d13c80ad-4cb5-427c-80a9-0011c82835c8","buildName":"projects/376902100689/locations/us-central1/builds/44c1aa31-cd25-4d48-9e47-3a591c225c61"}}
[debug] [2023-04-13T10:11:11.348Z] Got source token d13c80ad-4cb5-427c-80a9-0011c82835c8 for region us-central1
[debug] [2023-04-13T10:11:21.350Z] [create-default-us-central1-annotateImage] Retrying task index 0
[debug] [2023-04-13T10:11:21.351Z] >>> [apiv2][query] GET https://cloudfunctions.googleapis.com/v1/operations/ZGlnaXRhbGRpYXJ5YmEtMTcwNTAwL3VzLWNlbnRyYWwxL2Fubm90YXRlSW1hZ2UvNldsalJtdm5UUTA [none]
[debug] [2023-04-13T10:11:21.701Z] <<< [apiv2][status] GET https://cloudfunctions.googleapis.com/v1/operations/ZGlnaXRhbGRpYXJ5YmEtMTcwNTAwL3VzLWNlbnRyYWwxL2Fubm90YXRlSW1hZ2UvNldsalJtdm5UUTA 200
[debug] [2023-04-13T10:11:21.702Z] <<< [apiv2][body] GET https://cloudfunctions.googleapis.com/v1/operations/ZGlnaXRhbGRpYXJ5YmEtMTcwNTAwL3VzLWNlbnRyYWwxL2Fubm90YXRlSW1hZ2UvNldsalJtdm5UUTA {"name":"operations/ZGlnaXRhbGRpYXJ5YmEtMTcwNTAwL3VzLWNlbnRyYWwxL2Fubm90YXRlSW1hZ2UvNldsalJtdm5UUTA","metadata":{"@type":"type.googleapis.com/google.cloud.functions.v1.OperationMetadataV1","target":"projects/digitaldiaryba-170500/locations/us-central1/functions/annotateImage","type":"CREATE_FUNCTION","request":{"@type":"type.googleapis.com/google.cloud.functions.v1.CloudFunction","name":"projects/digitaldiaryba-170500/locations/us-central1/functions/annotateImage","httpsTrigger":{"securityLevel":"SECURE_ALWAYS"},"entryPoint":"annotateImage","labels":{"deployment-tool":"cli-firebase","deployment-callable":"true","firebase-functions-hash":"48fb153c39a040119670ac1082c237bb53a419c3"},"sourceUploadUrl":"https://storage.googleapis.com/uploads-765700249841.us-central1.cloudfunctions.appspot.com/bb5c287e-d375-44a0-9517-631025281cc2.zip?GoogleAccessId=service-376902100689@gcf-admin-robot.iam.gserviceaccount.com&Expires=1681382381&Signature=OGYiZi5I%2Fd9Oc6heRH%2B0vHMYVwulnVq6HsltxyXC2Awdu78Mud5Svd5DY8pXnXy1sLEs1USNP7cqODVd4ghBLAJQhIwl4DQ6rZCYty8ajy8FSNJX8nMgqeaLD3ZfvXfYiJ6QXX%2FdocOAFrex3BvEZ3f%2BFOLe3FfDjdib5dQJMa30uCOI2smFjuLN6o9k0%2FO42vDI6c%2BcTC28OjrtknjOVFo3AlT6qsSI3B5HOWC9%2F%2FlQNTOSkolJGRsNFv%2BkvA%2FHe0kujW0EqaIuQomlIros7kgn2GjNkRanigX5UBqOTyzDJDLoZA9bbm8d17PWu6WxIISdHIP5CVnOAKh1R531hw%3D%3D","environmentVariables":{"FIREBASE_CONFIG":"{\"projectId\":\"digitaldiaryba-170500\",\"databaseURL\":\"https://digitaldiaryba-170500-default-rtdb.europe-west1.firebasedatabase.app\",\"storageBucket\":\"digitaldiaryba-170500.appspot.com\"}","GCLOUD_PROJECT":"digitaldiaryba-170500","EVENTARC_CLOUD_EVENT_SOURCE":"projects/digitaldiaryba-170500/locations/us-central1/functions/annotateImage"},"runtime":"nodejs16","dockerRegistry":"ARTIFACT_REGISTRY"},"versionId":"1","updateTime":"2023-04-13T10:09:42Z","buildId":"44c1aa31-cd25-4d48-9e47-3a591c225c61","sourceToken":"d13c80ad-4cb5-427c-80a9-0011c82835c8","buildName":"projects/376902100689/locations/us-central1/builds/44c1aa31-cd25-4d48-9e47-3a591c225c61"}}
[debug] [2023-04-13T10:11:21.702Z] Got source token d13c80ad-4cb5-427c-80a9-0011c82835c8 for region us-central1
[debug] [2023-04-13T10:11:31.704Z] [create-default-us-central1-annotateImage] Retrying task index 0
[debug] [2023-04-13T10:11:31.705Z] >>> [apiv2][query] GET https://cloudfunctions.googleapis.com/v1/operations/ZGlnaXRhbGRpYXJ5YmEtMTcwNTAwL3VzLWNlbnRyYWwxL2Fubm90YXRlSW1hZ2UvNldsalJtdm5UUTA [none]
[debug] [2023-04-13T10:11:31.984Z] <<< [apiv2][status] GET https://cloudfunctions.googleapis.com/v1/operations/ZGlnaXRhbGRpYXJ5YmEtMTcwNTAwL3VzLWNlbnRyYWwxL2Fubm90YXRlSW1hZ2UvNldsalJtdm5UUTA 200
[debug] [2023-04-13T10:11:31.984Z] <<< [apiv2][body] GET https://cloudfunctions.googleapis.com/v1/operations/ZGlnaXRhbGRpYXJ5YmEtMTcwNTAwL3VzLWNlbnRyYWwxL2Fubm90YXRlSW1hZ2UvNldsalJtdm5UUTA {"name":"operations/ZGlnaXRhbGRpYXJ5YmEtMTcwNTAwL3VzLWNlbnRyYWwxL2Fubm90YXRlSW1hZ2UvNldsalJtdm5UUTA","metadata":{"@type":"type.googleapis.com/google.cloud.functions.v1.OperationMetadataV1","target":"projects/digitaldiaryba-170500/locations/us-central1/functions/annotateImage","type":"CREATE_FUNCTION","request":{"@type":"type.googleapis.com/google.cloud.functions.v1.CloudFunction","name":"projects/digitaldiaryba-170500/locations/us-central1/functions/annotateImage","httpsTrigger":{"securityLevel":"SECURE_ALWAYS"},"entryPoint":"annotateImage","labels":{"deployment-tool":"cli-firebase","deployment-callable":"true","firebase-functions-hash":"48fb153c39a040119670ac1082c237bb53a419c3"},"sourceUploadUrl":"https://storage.googleapis.com/uploads-765700249841.us-central1.cloudfunctions.appspot.com/bb5c287e-d375-44a0-9517-631025281cc2.zip?GoogleAccessId=service-376902100689@gcf-admin-robot.iam.gserviceaccount.com&Expires=1681382381&Signature=OGYiZi5I%2Fd9Oc6heRH%2B0vHMYVwulnVq6HsltxyXC2Awdu78Mud5Svd5DY8pXnXy1sLEs1USNP7cqODVd4ghBLAJQhIwl4DQ6rZCYty8ajy8FSNJX8nMgqeaLD3ZfvXfYiJ6QXX%2FdocOAFrex3BvEZ3f%2BFOLe3FfDjdib5dQJMa30uCOI2smFjuLN6o9k0%2FO42vDI6c%2BcTC28OjrtknjOVFo3AlT6qsSI3B5HOWC9%2F%2FlQNTOSkolJGRsNFv%2BkvA%2FHe0kujW0EqaIuQomlIros7kgn2GjNkRanigX5UBqOTyzDJDLoZA9bbm8d17PWu6WxIISdHIP5CVnOAKh1R531hw%3D%3D","environmentVariables":{"FIREBASE_CONFIG":"{\"projectId\":\"digitaldiaryba-170500\",\"databaseURL\":\"https://digitaldiaryba-170500-default-rtdb.europe-west1.firebasedatabase.app\",\"storageBucket\":\"digitaldiaryba-170500.appspot.com\"}","GCLOUD_PROJECT":"digitaldiaryba-170500","EVENTARC_CLOUD_EVENT_SOURCE":"projects/digitaldiaryba-170500/locations/us-central1/functions/annotateImage"},"runtime":"nodejs16","dockerRegistry":"ARTIFACT_REGISTRY"},"versionId":"1","updateTime":"2023-04-13T10:11:24Z","buildId":"44c1aa31-cd25-4d48-9e47-3a591c225c61","sourceToken":"d13c80ad-4cb5-427c-80a9-0011c82835c8","buildName":"projects/376902100689/locations/us-central1/builds/44c1aa31-cd25-4d48-9e47-3a591c225c61"},"done":true,"error":{"code":3,"message":"Function failed on loading user code. This is likely due to a bug in the user code. Error message: Provided module can't be loaded.\nDid you list all required modules in the package.json dependencies?\nDetailed stack trace: Error: Cannot find module '@google-cloud/vision'\nRequire stack:\n- /workspace/index.js\n- /layers/google.nodejs.functions-framework/functions-framework/node_modules/@google-cloud/functions-framework/build/src/loader.js\n- /layers/google.nodejs.functions-framework/functions-framework/node_modules/@google-cloud/functions-framework/build/src/main.js\n    at Function.Module._resolveFilename (node:internal/modules/cjs/loader:1021:15)\n    at Function.Module._load (node:internal/modules/cjs/loader:866:27)\n    at Module.require (node:internal/modules/cjs/loader:1093:19)\n    at require (node:internal/modules/cjs/helpers:108:18)\n    at Object.<anonymous> (/workspace/index.js:2:32)\n    at Module._compile (node:internal/modules/cjs/loader:1191:14)\n    at Object.Module._extensions..js (node:internal/modules/cjs/loader:1245:10)\n    at Module.load (node:internal/modules/cjs/loader:1069:32)\n    at Function.Module._load (node:internal/modules/cjs/loader:904:12)\n    at Module.require (node:internal/modules/cjs/loader:1093:19)\nCould not load the function, shutting down.\n. Please visit https://cloud.google.com/functions/docs/troubleshooting for in-depth troubleshooting documentation."}}
[debug] [2023-04-13T10:11:31.984Z] Got source token d13c80ad-4cb5-427c-80a9-0011c82835c8 for region us-central1
[error] Function failed on loading user code. This is likely due to a bug in the user code. Error message: Provided module can't be loaded.
Did you list all required modules in the package.json dependencies?
Detailed stack trace: Error: Cannot find module '@google-cloud/vision'
Require stack:
- /workspace/index.js
- /layers/google.nodejs.functions-framework/functions-framework/node_modules/@google-cloud/functions-framework/build/src/loader.js
- /layers/google.nodejs.functions-framework/functions-framework/node_modules/@google-cloud/functions-framework/build/src/main.js
    at Function.Module._resolveFilename (node:internal/modules/cjs/loader:1021:15)
    at Function.Module._load (node:internal/modules/cjs/loader:866:27)
    at Module.require (node:internal/modules/cjs/loader:1093:19)
    at require (node:internal/modules/cjs/helpers:108:18)
    at Object.<anonymous> (/workspace/index.js:2:32)
    at Module._compile (node:internal/modules/cjs/loader:1191:14)
    at Object.Module._extensions..js (node:internal/modules/cjs/loader:1245:10)
    at Module.load (node:internal/modules/cjs/loader:1069:32)
    at Function.Module._load (node:internal/modules/cjs/loader:904:12)
    at Module.require (node:internal/modules/cjs/loader:1093:19)
Could not load the function, shutting down.
. Please visit https://cloud.google.com/functions/docs/troubleshooting for in-depth troubleshooting documentation.
[debug] [2023-04-13T10:11:31.995Z] Total Function Deployment time: 110286
[debug] [2023-04-13T10:11:31.996Z] 1 Functions Deployed
[debug] [2023-04-13T10:11:31.996Z] 1 Functions Errored
[debug] [2023-04-13T10:11:31.996Z] 0 Function Deployments Aborted
[debug] [2023-04-13T10:11:31.996Z] Average Function Deployment time: 110285
[info] 
[info] Functions deploy had errors with the following functions:
	annotateImage(us-central1)
[info] i  functions: cleaning up build files... 
[debug] [2023-04-13T10:11:32.121Z] >>> [apiv2][query] DELETE https://artifactregistry.googleapis.com/v1beta2/projects/digitaldiaryba-170500/locations/us-central1/repositories/gcf-artifacts/packages/annotate_image [none]
[debug] [2023-04-13T10:11:32.122Z] >>> [apiv2][query] GET https://us.gcr.io/v2/digitaldiaryba-170500/gcf/us-central1/tags/list [none]
[debug] [2023-04-13T10:11:32.968Z] <<< [apiv2][status] DELETE https://artifactregistry.googleapis.com/v1beta2/projects/digitaldiaryba-170500/locations/us-central1/repositories/gcf-artifacts/packages/annotate_image 200
[debug] [2023-04-13T10:11:32.968Z] <<< [apiv2][body] DELETE https://artifactregistry.googleapis.com/v1beta2/projects/digitaldiaryba-170500/locations/us-central1/repositories/gcf-artifacts/packages/annotate_image {"name":"projects/digitaldiaryba-170500/locations/us-central1/operations/6d3742b8-a3ed-40d6-802e-9250ea7bb5ae","metadata":{"@type":"type.googleapis.com/google.devtools.artifactregistry.v1beta2.OperationMetadata"}}
[debug] [2023-04-13T10:11:32.969Z] >>> [apiv2][query] GET https://artifactregistry.googleapis.com/v1beta2/projects/digitaldiaryba-170500/locations/us-central1/operations/6d3742b8-a3ed-40d6-802e-9250ea7bb5ae [none]
[debug] [2023-04-13T10:11:33.682Z] <<< [apiv2][status] GET https://artifactregistry.googleapis.com/v1beta2/projects/digitaldiaryba-170500/locations/us-central1/operations/6d3742b8-a3ed-40d6-802e-9250ea7bb5ae 200
[debug] [2023-04-13T10:11:33.683Z] <<< [apiv2][body] GET https://artifactregistry.googleapis.com/v1beta2/projects/digitaldiaryba-170500/locations/us-central1/operations/6d3742b8-a3ed-40d6-802e-9250ea7bb5ae {"name":"projects/digitaldiaryba-170500/locations/us-central1/operations/6d3742b8-a3ed-40d6-802e-9250ea7bb5ae","metadata":{"@type":"type.googleapis.com/google.devtools.artifactregistry.v1beta2.OperationMetadata"},"done":true,"response":{"@type":"type.googleapis.com/google.protobuf.Empty"}}
[debug] [2023-04-13T10:11:34.193Z] <<< [apiv2][status] GET https://us.gcr.io/v2/digitaldiaryba-170500/gcf/us-central1/tags/list 200
[debug] [2023-04-13T10:11:34.193Z] <<< [apiv2][body] GET https://us.gcr.io/v2/digitaldiaryba-170500/gcf/us-central1/tags/list {"child":[],"manifest":{},"name":"digitaldiaryba-170500/gcf/us-central1","tags":[]}
[debug] [2023-04-13T10:11:34.194Z] Could not find image for function projects/digitaldiaryba-170500/locations/us-central1/functions/annotateImage
[debug] [2023-04-13T10:11:34.194Z] Functions deploy failed.
[debug] [2023-04-13T10:11:34.195Z] {
  "endpoint": {
    "id": "annotateImage",
    "project": "digitaldiaryba-170500",
    "region": "us-central1",
    "entryPoint": "annotateImage",
    "platform": "gcfv1",
    "runtime": "nodejs16",
    "callableTrigger": {},
    "labels": {
      "deployment-tool": "cli-firebase"
    },
    "serviceAccount": null,
    "ingressSettings": null,
    "availableMemoryMb": null,
    "timeoutSeconds": null,
    "maxInstances": null,
    "minInstances": null,
    "vpc": null,
    "environmentVariables": {
      "FIREBASE_CONFIG": "{\"projectId\":\"digitaldiaryba-170500\",\"databaseURL\":\"https://digitaldiaryba-170500-default-rtdb.europe-west1.firebasedatabase.app\",\"storageBucket\":\"digitaldiaryba-170500.appspot.com\"}",
      "GCLOUD_PROJECT": "digitaldiaryba-170500",
      "EVENTARC_CLOUD_EVENT_SOURCE": "projects/digitaldiaryba-170500/locations/us-central1/functions/annotateImage"
    },
    "codebase": "default",
    "targetedByOnly": false,
    "hash": "48fb153c39a040119670ac1082c237bb53a419c3"
  },
  "op": "create",
  "original": {
    "name": "FirebaseError",
    "children": [],
    "exit": 1,
    "message": "Function failed on loading user code. This is likely due to a bug in the user code. Error message: Provided module can't be loaded.\nDid you list all required modules in the package.json dependencies?\nDetailed stack trace: Error: Cannot find module '@google-cloud/vision'\nRequire stack:\n- /workspace/index.js\n- /layers/google.nodejs.functions-framework/functions-framework/node_modules/@google-cloud/functions-framework/build/src/loader.js\n- /layers/google.nodejs.functions-framework/functions-framework/node_modules/@google-cloud/functions-framework/build/src/main.js\n    at Function.Module._resolveFilename (node:internal/modules/cjs/loader:1021:15)\n    at Function.Module._load (node:internal/modules/cjs/loader:866:27)\n    at Module.require (node:internal/modules/cjs/loader:1093:19)\n    at require (node:internal/modules/cjs/helpers:108:18)\n    at Object.<anonymous> (/workspace/index.js:2:32)\n    at Module._compile (node:internal/modules/cjs/loader:1191:14)\n    at Object.Module._extensions..js (node:internal/modules/cjs/loader:1245:10)\n    at Module.load (node:internal/modules/cjs/loader:1069:32)\n    at Function.Module._load (node:internal/modules/cjs/loader:904:12)\n    at Module.require (node:internal/modules/cjs/loader:1093:19)\nCould not load the function, shutting down.\n. Please visit https://cloud.google.com/functions/docs/troubleshooting for in-depth troubleshooting documentation.",
    "status": 3
  }
}
[debug] [2023-04-13T10:11:34.241Z] Error: Failed to create function annotateImage in region us-central1
    at /opt/homebrew/lib/node_modules/firebase-tools/lib/deploy/functions/release/fabricator.js:48:11
    at process.processTicksAndRejections (node:internal/process/task_queues:95:5)
    at async Fabricator.createV1Function (/opt/homebrew/lib/node_modules/firebase-tools/lib/deploy/functions/release/fabricator.js:177:32)
    at async Fabricator.createEndpoint (/opt/homebrew/lib/node_modules/firebase-tools/lib/deploy/functions/release/fabricator.js:129:13)
    at async handle (/opt/homebrew/lib/node_modules/firebase-tools/lib/deploy/functions/release/fabricator.js:85:17)
[error] 
[error] Error: There was an error deploying functions
